
-----
Test: tests/test_buy_product.py::test_buy_product_1 (call)
Start time: 2023-03-13 20:42:39.770504
Start name method: authorization

End time: 2023-03-13 20:42:50.301533
End name method: authorization
URL: https://www.saucedemo.com/inventory.html

-----

-----
Test: tests/test_buy_product.py::test_buy_product_1 (call)
Start time: 2023-03-13 20:42:50.301533
Start name method: select_products_1

End time: 2023-03-13 20:42:50.570329
End name method: select_products_1
URL: https://www.saucedemo.com/cart.html

-----

-----
Test: tests/test_buy_product.py::test_buy_product_1 (call)
Start time: 2023-03-13 20:42:50.749367
Start name method: information

End time: 2023-03-13 20:42:51.415132
End name method: information
URL: https://www.saucedemo.com/checkout-step-two.html

-----

-----
Test: tests/test_buy_product.py::test_buy_product_1 (call)
Start time: 2023-03-13 20:42:51.511835
Start name method: finish

End time: 2023-03-13 20:42:51.794503
End name method: finish
URL: https://www.saucedemo.com/checkout-complete.html

-----
