
-----
Test: tests/test_buy_product.py::test_buy_product_1 (call)
Start time: 2023-03-18 12:38:33.723432
Start name method: authorization

End time: 2023-03-18 12:38:37.822600
End name method: authorization
URL: https://www.saucedemo.com/inventory.html

-----

-----
Test: tests/test_buy_product.py::test_buy_product_1 (call)
Start time: 2023-03-18 12:38:37.824602
Start name method: select_products_1

End time: 2023-03-18 12:38:38.155410
End name method: select_products_1
URL: https://www.saucedemo.com/cart.html

-----

-----
Test: tests/test_buy_product.py::test_buy_product_1 (call)
Start time: 2023-03-18 12:38:38.290382
Start name method: information

End time: 2023-03-18 12:38:39.188296
End name method: information
URL: https://www.saucedemo.com/checkout-step-two.html

-----

-----
Test: tests/test_buy_product.py::test_buy_product_1 (call)
Start time: 2023-03-18 12:38:39.294236
Start name method: finish

End time: 2023-03-18 12:38:39.732792
End name method: finish
URL: https://www.saucedemo.com/checkout-complete.html

-----

-----
Test: tests/test_link_about.py::test_link_about (call)
Start time: 2023-03-18 12:38:47.872424
Start name method: authorization

End time: 2023-03-18 12:38:52.895165
End name method: authorization
URL: https://www.saucedemo.com/inventory.html

-----
