
-----
Test: tests/test_buy_product.py::test_buy_product_1 (call)
Start time: 2023-03-18 12:39:49.669069
Start name method: authorization

End time: 2023-03-18 12:39:53.521762
End name method: authorization
URL: https://www.saucedemo.com/inventory.html

-----

-----
Test: tests/test_buy_product.py::test_buy_product_1 (call)
Start time: 2023-03-18 12:39:53.522737
Start name method: select_products_1

End time: 2023-03-18 12:39:53.763911
End name method: select_products_1
URL: https://www.saucedemo.com/cart.html

-----

-----
Test: tests/test_buy_product.py::test_buy_product_1 (call)
Start time: 2023-03-18 12:39:53.856132
Start name method: information

End time: 2023-03-18 12:39:54.561853
End name method: information
URL: https://www.saucedemo.com/checkout-step-two.html

-----

-----
Test: tests/test_buy_product.py::test_buy_product_1 (call)
Start time: 2023-03-18 12:39:54.673789
Start name method: finish

End time: 2023-03-18 12:39:54.943939
End name method: finish
URL: https://www.saucedemo.com/checkout-complete.html

-----

-----
Test: tests/test_buy_product.py::test_buy_product_2 (call)
Start time: 2023-03-18 12:40:04.590514
Start name method: authorization

End time: 2023-03-18 12:40:11.012376
End name method: authorization
URL: https://www.saucedemo.com/inventory.html

-----

-----
Test: tests/test_buy_product.py::test_buy_product_3 (call)
Start time: 2023-03-18 12:40:18.520457
Start name method: authorization

End time: 2023-03-18 12:40:25.498483
End name method: authorization
URL: https://www.saucedemo.com/inventory.html

-----

-----
Test: tests/test_link_about.py::test_link_about (call)
Start time: 2023-03-18 12:40:32.275905
Start name method: authorization

End time: 2023-03-18 12:40:41.132165
End name method: authorization
URL: https://www.saucedemo.com/inventory.html

-----
